<?xml version="1.0" encoding="UTF-8"?>
<testng-results ignored="0" total="1" passed="1" failed="0" skipped="0">
  <reporter-output>
  </reporter-output>
  <suite started-at="2025-12-21T09:54:58 IST" name="LoginSuite" finished-at="2025-12-21T09:55:01 IST" duration-ms="3054">
    <groups>
    </groups>
    <test started-at="2025-12-21T09:54:58 IST" name="login" finished-at="2025-12-21T09:55:01 IST" duration-ms="3054">
      <class name="tests.LoginTest">
        <test-method is-config="true" signature="setUp()[pri:0, instance:tests.LoginTest@16ec5519]" started-at="2025-12-21T09:54:58 IST" name="setUp" finished-at="2025-12-21T09:55:00 IST" duration-ms="2057" status="PASS">
          <reporter-output>
          </reporter-output>
        </test-method> <!-- setUp -->
        <test-method signature="testValidLogin()[pri:0, instance:tests.LoginTest@16ec5519]" started-at="2025-12-21T09:55:00 IST" name="testValidLogin" finished-at="2025-12-21T09:55:01 IST" duration-ms="951" status="PASS">
          <reporter-output>
          </reporter-output>
        </test-method> <!-- testValidLogin -->
        <test-method is-config="true" signature="tearDown()[pri:0, instance:tests.LoginTest@16ec5519]" started-at="2025-12-21T09:55:01 IST" name="tearDown" finished-at="2025-12-21T09:55:01 IST" duration-ms="1" status="PASS">
          <reporter-output>
          </reporter-output>
        </test-method> <!-- tearDown -->
      </class> <!-- tests.LoginTest -->
    </test> <!-- login -->
  </suite> <!-- LoginSuite -->
</testng-results>
